<?xml version="1.0" encoding="UTF-8"?>
<!-- Generated by org.testng.reporters.JUnitReportReporter -->
<testsuite skipped="0" hostname="360NDCPC053" name="com.AlertAndModel.test.AlertAndModelTest" tests="3" failures="0" timestamp="29 Apr 2019 09:03:25 GMT" time="163.696" errors="0">
  <testcase name="multipleWindowPopUps" time="63.391" classname="com.AlertAndModel.test.AlertAndModelTest"/>
  <testcase name="selectOptionDropdown" time="48.756" classname="com.AlertAndModel.test.AlertAndModelTest"/>
  <testcase name="windowPopUP" time="51.549" classname="com.AlertAndModel.test.AlertAndModelTest"/>
</testsuite> <!-- com.AlertAndModel.test.AlertAndModelTest -->
