<?xml version="1.0" encoding="UTF-8"?>
<!-- Generated by org.testng.reporters.JUnitReportReporter -->
<testsuite skipped="0" hostname="360NDCPC053" name="com.draganddrop.test.DragAndDropTest" tests="1" failures="0" timestamp="29 Apr 2019 09:48:49 GMT" time="54.913" errors="0">
  <testcase name="DragAndDrop" time="54.913" classname="com.draganddrop.test.DragAndDropTest"/>
</testsuite> <!-- com.draganddrop.test.DragAndDropTest -->
