<?xml version="1.0" encoding="UTF-8"?>
<!-- Generated by org.testng.reporters.JUnitReportReporter -->
<testsuite skipped="0" hostname="360NDCPC053" name="com.dropdown.test.DropDownTest" tests="2" failures="0" timestamp="29 Apr 2019 09:18:51 GMT" time="120.072" errors="0">
  <testcase name="selectMultiOptionDropdown" time="75.894" classname="com.dropdown.test.DropDownTest"/>
  <testcase name="selectOptionDropdown" time="44.178" classname="com.dropdown.test.DropDownTest"/>
</testsuite> <!-- com.dropdown.test.DropDownTest -->
